[ 2016-06-11T13:47:51+08:00 ] ERR: [1] Maximum execution time of 30 seconds exceeded D:\WWW\2\Core\Extend\Library\ORG\Net\Http.class.php 第 67 行.
[ 2016-06-11T13:47:51+08:00 ] ERR: [1] Maximum execution time of 30 seconds exceeded D:\WWW\2\admin\Lib\Action\CommonAction.class.php(1) : eval()'d code(1) : eval()'d code(1) : eval()'d code(1) : eval()'d code(1) : eval()'d code(1) : eval()'d code(1) : eval()'d code 第 2 行.
[ 2016-06-11T13:47:51+08:00 ] ERR: [1] Maximum execution time of 30 seconds exceeded D:\WWW\2\admin\Lib\Action\CommonAction.class.php(1) : eval()'d code(1) : eval()'d code(1) : eval()'d code(1) : eval()'d code(1) : eval()'d code(1) : eval()'d code(1) : eval()'d code 第 2 行.
[ 2016-06-11T13:47:51+08:00 ] ERR: [1] Maximum execution time of 30 seconds exceeded D:\WWW\2\admin\Lib\Action\CommonAction.class.php(1) : eval()'d code(1) : eval()'d code(1) : eval()'d code(1) : eval()'d code(1) : eval()'d code(1) : eval()'d code(1) : eval()'d code 第 2 行.
[ 2016-06-11T13:53:48+08:00 ] ERR: [1] Maximum execution time of 30 seconds exceeded D:\WWW\2\Core\Extend\Library\ORG\Net\Http.class.php 第 67 行.
[ 2016-06-11T13:53:48+08:00 ] ERR: [1] Maximum execution time of 30 seconds exceeded D:\WWW\2\admin\Lib\Action\CommonAction.class.php(1) : eval()'d code(1) : eval()'d code(1) : eval()'d code(1) : eval()'d code(1) : eval()'d code(1) : eval()'d code(1) : eval()'d code 第 2 行.
[ 2016-06-11T13:53:48+08:00 ] ERR: [1] Maximum execution time of 30 seconds exceeded D:\WWW\2\admin\Lib\Action\CommonAction.class.php(1) : eval()'d code(1) : eval()'d code(1) : eval()'d code(1) : eval()'d code(1) : eval()'d code(1) : eval()'d code(1) : eval()'d code 第 2 行.
[ 2016-06-11T13:53:48+08:00 ] ERR: [1] Maximum execution time of 30 seconds exceeded D:\WWW\2\admin\Lib\Action\CommonAction.class.php(1) : eval()'d code(1) : eval()'d code(1) : eval()'d code(1) : eval()'d code(1) : eval()'d code(1) : eval()'d code(1) : eval()'d code 第 2 行.
[ 2016-06-11T13:53:48+08:00 ] ERR: [1] Maximum execution time of 30 seconds exceeded D:\WWW\2\admin\Lib\Action\CommonAction.class.php(1) : eval()'d code(1) : eval()'d code(1) : eval()'d code(1) : eval()'d code(1) : eval()'d code(1) : eval()'d code(1) : eval()'d code 第 2 行.
[ 2016-06-11T14:15:17+08:00 ] ERR: [1] Maximum execution time of 30 seconds exceeded D:\WWW\2\Core\Extend\Library\ORG\Net\Http.class.php 第 67 行.
[ 2016-06-11T14:15:17+08:00 ] ERR: [1] Maximum execution time of 30 seconds exceeded D:\WWW\2\admin\Lib\Action\CommonAction.class.php(1) : eval()'d code(1) : eval()'d code(1) : eval()'d code(1) : eval()'d code(1) : eval()'d code(1) : eval()'d code(1) : eval()'d code 第 2 行.
[ 2016-06-11T14:15:17+08:00 ] ERR: [1] Maximum execution time of 30 seconds exceeded D:\WWW\2\admin\Lib\Action\CommonAction.class.php(1) : eval()'d code(1) : eval()'d code(1) : eval()'d code(1) : eval()'d code(1) : eval()'d code(1) : eval()'d code(1) : eval()'d code 第 2 行.
[ 2016-06-11T14:15:17+08:00 ] ERR: [1] Maximum execution time of 30 seconds exceeded D:\WWW\2\admin\Lib\Action\CommonAction.class.php(1) : eval()'d code(1) : eval()'d code(1) : eval()'d code(1) : eval()'d code(1) : eval()'d code(1) : eval()'d code(1) : eval()'d code 第 2 行.
[ 2016-06-11T14:15:17+08:00 ] ERR: [1] Maximum execution time of 30 seconds exceeded D:\WWW\2\admin\Lib\Action\CommonAction.class.php(1) : eval()'d code(1) : eval()'d code(1) : eval()'d code(1) : eval()'d code(1) : eval()'d code(1) : eval()'d code(1) : eval()'d code 第 2 行.
[ 2016-06-11T14:15:17+08:00 ] ERR: [1] Maximum execution time of 30 seconds exceeded D:\WWW\2\admin\Lib\Action\CommonAction.class.php(1) : eval()'d code(1) : eval()'d code(1) : eval()'d code(1) : eval()'d code(1) : eval()'d code(1) : eval()'d code(1) : eval()'d code 第 2 行.
[ 2016-06-11T14:15:17+08:00 ] ERR: [1] Maximum execution time of 30 seconds exceeded D:\WWW\2\admin\Lib\Action\CommonAction.class.php(1) : eval()'d code(1) : eval()'d code(1) : eval()'d code(1) : eval()'d code(1) : eval()'d code(1) : eval()'d code(1) : eval()'d code 第 2 行.
[ 2016-06-11T14:15:17+08:00 ] ERR: [1] Maximum execution time of 30 seconds exceeded D:\WWW\2\admin\Lib\Action\CommonAction.class.php(1) : eval()'d code(1) : eval()'d code(1) : eval()'d code(1) : eval()'d code(1) : eval()'d code(1) : eval()'d code(1) : eval()'d code 第 2 行.
[ 2016-06-11T14:15:17+08:00 ] ERR: [1] Maximum execution time of 30 seconds exceeded D:\WWW\2\admin\Lib\Action\CommonAction.class.php(1) : eval()'d code(1) : eval()'d code(1) : eval()'d code(1) : eval()'d code(1) : eval()'d code(1) : eval()'d code(1) : eval()'d code 第 2 行.
[ 2016-06-11T14:15:17+08:00 ] ERR: [1] Maximum execution time of 30 seconds exceeded D:\WWW\2\admin\Lib\Action\CommonAction.class.php(1) : eval()'d code(1) : eval()'d code(1) : eval()'d code(1) : eval()'d code(1) : eval()'d code(1) : eval()'d code(1) : eval()'d code 第 2 行.
[ 2016-06-11T14:15:17+08:00 ] ERR: [1] Maximum execution time of 30 seconds exceeded D:\WWW\2\admin\Lib\Action\CommonAction.class.php(1) : eval()'d code(1) : eval()'d code(1) : eval()'d code(1) : eval()'d code(1) : eval()'d code(1) : eval()'d code(1) : eval()'d code 第 2 行.
[ 2016-06-11T14:15:17+08:00 ] ERR: [1] Maximum execution time of 30 seconds exceeded D:\WWW\2\admin\Lib\Action\CommonAction.class.php(1) : eval()'d code(1) : eval()'d code(1) : eval()'d code(1) : eval()'d code(1) : eval()'d code(1) : eval()'d code(1) : eval()'d code 第 2 行.
[ 2016-06-11T14:15:17+08:00 ] ERR: [1] Maximum execution time of 30 seconds exceeded D:\WWW\2\admin\Lib\Action\CommonAction.class.php(1) : eval()'d code(1) : eval()'d code(1) : eval()'d code(1) : eval()'d code(1) : eval()'d code(1) : eval()'d code(1) : eval()'d code 第 2 行.
[ 2016-06-11T14:15:17+08:00 ] ERR: [1] Maximum execution time of 30 seconds exceeded D:\WWW\2\admin\Lib\Action\CommonAction.class.php(1) : eval()'d code(1) : eval()'d code(1) : eval()'d code(1) : eval()'d code(1) : eval()'d code(1) : eval()'d code(1) : eval()'d code 第 2 行.
[ 2016-06-11T14:15:17+08:00 ] ERR: [1] Maximum execution time of 30 seconds exceeded D:\WWW\2\admin\Lib\Action\CommonAction.class.php(1) : eval()'d code(1) : eval()'d code(1) : eval()'d code(1) : eval()'d code(1) : eval()'d code(1) : eval()'d code(1) : eval()'d code 第 2 行.
[ 2016-06-11T14:15:17+08:00 ] ERR: [1] Maximum execution time of 30 seconds exceeded D:\WWW\2\admin\Lib\Action\CommonAction.class.php(1) : eval()'d code(1) : eval()'d code(1) : eval()'d code(1) : eval()'d code(1) : eval()'d code(1) : eval()'d code(1) : eval()'d code 第 2 行.
[ 2016-06-11T14:15:17+08:00 ] ERR: [1] Maximum execution time of 30 seconds exceeded D:\WWW\2\admin\Lib\Action\CommonAction.class.php(1) : eval()'d code(1) : eval()'d code(1) : eval()'d code(1) : eval()'d code(1) : eval()'d code(1) : eval()'d code(1) : eval()'d code 第 2 行.
[ 2016-06-11T14:15:44+08:00 ] ERR: [1] Maximum execution time of 30 seconds exceeded D:\WWW\2\Core\Extend\Library\ORG\Net\Http.class.php 第 67 行.
[ 2016-06-11T14:15:44+08:00 ] ERR: [1] Maximum execution time of 30 seconds exceeded D:\WWW\2\admin\Lib\Action\CommonAction.class.php(1) : eval()'d code(1) : eval()'d code(1) : eval()'d code(1) : eval()'d code(1) : eval()'d code(1) : eval()'d code(1) : eval()'d code 第 2 行.
[ 2016-06-11T14:15:44+08:00 ] ERR: [1] Maximum execution time of 30 seconds exceeded D:\WWW\2\admin\Lib\Action\CommonAction.class.php(1) : eval()'d code(1) : eval()'d code(1) : eval()'d code(1) : eval()'d code(1) : eval()'d code(1) : eval()'d code(1) : eval()'d code 第 2 行.
[ 2016-06-11T14:15:44+08:00 ] ERR: [1] Maximum execution time of 30 seconds exceeded D:\WWW\2\admin\Lib\Action\CommonAction.class.php(1) : eval()'d code(1) : eval()'d code(1) : eval()'d code(1) : eval()'d code(1) : eval()'d code(1) : eval()'d code(1) : eval()'d code 第 2 行.
[ 2016-06-11T14:15:44+08:00 ] ERR: [1] Maximum execution time of 30 seconds exceeded D:\WWW\2\admin\Lib\Action\CommonAction.class.php(1) : eval()'d code(1) : eval()'d code(1) : eval()'d code(1) : eval()'d code(1) : eval()'d code(1) : eval()'d code(1) : eval()'d code 第 2 行.
[ 2016-06-11T14:15:44+08:00 ] ERR: [1] Maximum execution time of 30 seconds exceeded D:\WWW\2\admin\Lib\Action\CommonAction.class.php(1) : eval()'d code(1) : eval()'d code(1) : eval()'d code(1) : eval()'d code(1) : eval()'d code(1) : eval()'d code(1) : eval()'d code 第 2 行.
[ 2016-06-11T14:15:44+08:00 ] ERR: [1] Maximum execution time of 30 seconds exceeded D:\WWW\2\admin\Lib\Action\CommonAction.class.php(1) : eval()'d code(1) : eval()'d code(1) : eval()'d code(1) : eval()'d code(1) : eval()'d code(1) : eval()'d code(1) : eval()'d code 第 2 行.
[ 2016-06-11T14:15:44+08:00 ] ERR: [1] Maximum execution time of 30 seconds exceeded D:\WWW\2\admin\Lib\Action\CommonAction.class.php(1) : eval()'d code(1) : eval()'d code(1) : eval()'d code(1) : eval()'d code(1) : eval()'d code(1) : eval()'d code(1) : eval()'d code 第 2 行.
[ 2016-06-11T14:16:35+08:00 ] ERR: [1] Maximum execution time of 30 seconds exceeded D:\WWW\2\Core\Extend\Library\ORG\Net\Http.class.php 第 67 行.
[ 2016-06-11T14:16:35+08:00 ] ERR: [1] Maximum execution time of 30 seconds exceeded D:\WWW\2\admin\Lib\Action\CommonAction.class.php(1) : eval()'d code(1) : eval()'d code(1) : eval()'d code(1) : eval()'d code(1) : eval()'d code(1) : eval()'d code(1) : eval()'d code 第 2 行.
[ 2016-06-11T14:16:59+08:00 ] ERR: [1] Maximum execution time of 30 seconds exceeded D:\WWW\2\Core\Extend\Library\ORG\Net\Http.class.php 第 67 行.
[ 2016-06-11T14:16:59+08:00 ] ERR: [1] Maximum execution time of 30 seconds exceeded D:\WWW\2\admin\Lib\Action\CommonAction.class.php(1) : eval()'d code(1) : eval()'d code(1) : eval()'d code(1) : eval()'d code(1) : eval()'d code(1) : eval()'d code(1) : eval()'d code 第 2 行.
[ 2016-06-11T14:17:55+08:00 ] ERR: [1] Maximum execution time of 30 seconds exceeded D:\WWW\2\Core\Extend\Library\ORG\Net\Http.class.php 第 67 行.
[ 2016-06-11T14:17:55+08:00 ] ERR: [1] Maximum execution time of 30 seconds exceeded D:\WWW\2\admin\Lib\Action\CommonAction.class.php(1) : eval()'d code(1) : eval()'d code(1) : eval()'d code(1) : eval()'d code(1) : eval()'d code(1) : eval()'d code(1) : eval()'d code 第 2 行.
[ 2016-06-11T14:17:55+08:00 ] ERR: [1] Maximum execution time of 30 seconds exceeded D:\WWW\2\admin\Lib\Action\CommonAction.class.php(1) : eval()'d code(1) : eval()'d code(1) : eval()'d code(1) : eval()'d code(1) : eval()'d code(1) : eval()'d code(1) : eval()'d code 第 2 行.
[ 2016-06-11T14:17:55+08:00 ] ERR: [1] Maximum execution time of 30 seconds exceeded D:\WWW\2\admin\Lib\Action\CommonAction.class.php(1) : eval()'d code(1) : eval()'d code(1) : eval()'d code(1) : eval()'d code(1) : eval()'d code(1) : eval()'d code(1) : eval()'d code 第 2 行.
[ 2016-06-11T14:17:55+08:00 ] ERR: [1] Maximum execution time of 30 seconds exceeded D:\WWW\2\admin\Lib\Action\CommonAction.class.php(1) : eval()'d code(1) : eval()'d code(1) : eval()'d code(1) : eval()'d code(1) : eval()'d code(1) : eval()'d code(1) : eval()'d code 第 2 行.
[ 2016-06-11T14:17:55+08:00 ] ERR: [1] Maximum execution time of 30 seconds exceeded D:\WWW\2\admin\Lib\Action\CommonAction.class.php(1) : eval()'d code(1) : eval()'d code(1) : eval()'d code(1) : eval()'d code(1) : eval()'d code(1) : eval()'d code(1) : eval()'d code 第 2 行.
[ 2016-06-11T14:17:55+08:00 ] ERR: [1] Maximum execution time of 30 seconds exceeded D:\WWW\2\admin\Lib\Action\CommonAction.class.php(1) : eval()'d code(1) : eval()'d code(1) : eval()'d code(1) : eval()'d code(1) : eval()'d code(1) : eval()'d code(1) : eval()'d code 第 2 行.
[ 2016-06-11T14:17:55+08:00 ] ERR: [1] Maximum execution time of 30 seconds exceeded D:\WWW\2\admin\Lib\Action\CommonAction.class.php(1) : eval()'d code(1) : eval()'d code(1) : eval()'d code(1) : eval()'d code(1) : eval()'d code(1) : eval()'d code(1) : eval()'d code 第 2 行.
[ 2016-06-11T14:19:22+08:00 ] ERR: [1] Maximum execution time of 30 seconds exceeded D:\WWW\2\Core\Extend\Library\ORG\Net\Http.class.php 第 67 行.
[ 2016-06-11T14:19:22+08:00 ] ERR: [1] Maximum execution time of 30 seconds exceeded D:\WWW\2\admin\Lib\Action\CommonAction.class.php(1) : eval()'d code(1) : eval()'d code(1) : eval()'d code(1) : eval()'d code(1) : eval()'d code(1) : eval()'d code(1) : eval()'d code 第 2 行.
[ 2016-06-11T14:20:28+08:00 ] ERR: [1] Maximum execution time of 30 seconds exceeded D:\WWW\2\Core\Extend\Library\ORG\Net\Http.class.php 第 67 行.
[ 2016-06-11T14:20:28+08:00 ] ERR: [1] Maximum execution time of 30 seconds exceeded D:\WWW\2\admin\Lib\Action\CommonAction.class.php(1) : eval()'d code(1) : eval()'d code(1) : eval()'d code(1) : eval()'d code(1) : eval()'d code(1) : eval()'d code(1) : eval()'d code 第 2 行.
[ 2016-06-11T14:33:37+08:00 ] 0.0.0.0 /2/admin/index.php/notice/notice
ERR: Unknown column 'user_name' in 'field list'
 [ SQL语句 ] : SELECT `id`,`role_id`,`user_name`,`true_name`,`last_login_ip`,`last_login_time`,`phone`,`email`,`create_time`,`status` FROM `jee_admin_user` 

[ 2016-06-11T14:34:15+08:00 ] 0.0.0.0 /2/admin/index.php/linequestion/show_list
ERR: Unknown column 'login_name' in 'field list'
 [ SQL语句 ] : SELECT `login_name` FROM `jee_user` WHERE ( id=7 ) LIMIT 1  
ERR: Unknown column 'login_name' in 'field list'
 [ SQL语句 ] : SELECT `login_name` FROM `jee_user` WHERE ( id=7 ) LIMIT 1  
ERR: Unknown column 'login_name' in 'field list'
 [ SQL语句 ] : SELECT `login_name` FROM `jee_user` WHERE ( id=7 ) LIMIT 1  
ERR: Unknown column 'login_name' in 'field list'
 [ SQL语句 ] : SELECT `login_name` FROM `jee_user` WHERE ( id=7 ) LIMIT 1  
ERR: Unknown column 'login_name' in 'field list'
 [ SQL语句 ] : SELECT `login_name` FROM `jee_user` WHERE ( id=7 ) LIMIT 1  
ERR: Unknown column 'login_name' in 'field list'
 [ SQL语句 ] : SELECT `login_name` FROM `jee_user` WHERE ( id=7 ) LIMIT 1  
ERR: Unknown column 'login_name' in 'field list'
 [ SQL语句 ] : SELECT `login_name` FROM `jee_user` WHERE ( id=7 ) LIMIT 1  
ERR: Unknown column 'login_name' in 'field list'
 [ SQL语句 ] : SELECT `login_name` FROM `jee_user` WHERE ( id=7 ) LIMIT 1  
ERR: Unknown column 'login_name' in 'field list'
 [ SQL语句 ] : SELECT `login_name` FROM `jee_user` WHERE ( id=7 ) LIMIT 1  
ERR: Unknown column 'login_name' in 'field list'
 [ SQL语句 ] : SELECT `login_name` FROM `jee_user` WHERE ( id=7 ) LIMIT 1  
ERR: Unknown column 'login_name' in 'field list'
 [ SQL语句 ] : SELECT `login_name` FROM `jee_user` WHERE ( id=7 ) LIMIT 1  
ERR: Unknown column 'login_name' in 'field list'
 [ SQL语句 ] : SELECT `login_name` FROM `jee_user` WHERE ( id=7 ) LIMIT 1  
ERR: Unknown column 'login_name' in 'field list'
 [ SQL语句 ] : SELECT `login_name` FROM `jee_user` WHERE ( id=7 ) LIMIT 1  
ERR: Unknown column 'login_name' in 'field list'
 [ SQL语句 ] : SELECT `login_name` FROM `jee_user` WHERE ( id=7 ) LIMIT 1  
ERR: Unknown column 'login_name' in 'field list'
 [ SQL语句 ] : SELECT `login_name` FROM `jee_user` WHERE ( id=7 ) LIMIT 1  

[ 2016-06-11T14:36:01+08:00 ] ERR: [1] Maximum execution time of 30 seconds exceeded D:\WWW\2\Core\Extend\Library\ORG\Net\Http.class.php 第 67 行.
[ 2016-06-11T15:23:03+08:00 ] ERR: [1] Maximum execution time of 30 seconds exceeded D:\WWW\2\Core\Extend\Library\ORG\Net\Http.class.php 第 67 行.
[ 2016-06-11T15:25:52+08:00 ] ERR: [1] Maximum execution time of 30 seconds exceeded D:\WWW\2\Core\Extend\Library\ORG\Net\Http.class.php 第 67 行.
[ 2016-06-11T15:25:52+08:00 ] ERR: [1] Maximum execution time of 30 seconds exceeded D:\WWW\2\admin\Lib\Action\CommonAction.class.php(1) : eval()'d code(1) : eval()'d code(1) : eval()'d code(1) : eval()'d code(1) : eval()'d code(1) : eval()'d code(1) : eval()'d code 第 2 行.
